<?xml version="1.0" encoding="UTF-8"?>
<testsuite name="test.GebaeudeTest" tests="7" skipped="0" failures="0" errors="0" timestamp="2025-02-28T11:59:50" hostname="NATHANSTHINKPAD" time="0.086">
  <properties/>
  <testcase name="delete()" classname="test.GebaeudeTest" time="0.037"/>
  <testcase name="equals()" classname="test.GebaeudeTest" time="0.001"/>
  <testcase name="findById()" classname="test.GebaeudeTest" time="0.011"/>
  <testcase name="persist()" classname="test.GebaeudeTest" time="0.004"/>
  <testcase name="getId()" classname="test.GebaeudeTest" time="0.002"/>
  <testcase name="getKuerzel()" classname="test.GebaeudeTest" time="0.005"/>
  <testcase name="testInitBuildings()" classname="test.GebaeudeTest" time="0.004"/>
  <system-out><![CDATA[]]></system-out>
  <system-err><![CDATA[]]></system-err>
</testsuite>
